Running with input: espresso.din, l1-usize=1024,  l1-ubsize=32,  l1-assoc=1,  l1-repl=f,  l1-uwalloc=n 
Number of cache lines is: 32
Demand Accesses  900000
Demand Misses 66405
Running with input: espresso.din, l1-usize=1024,  l1-ubsize=32,  l1-assoc=4,  l1-repl=f,  l1-uwalloc=n 
Number of cache lines is: 8
Demand Accesses  900000
Demand Misses 34588
Running with input: espresso.din, l1-usize=1024,  l1-ubsize=32,  l1-assoc=32,  l1-repl=f,  l1-uwalloc=n 
Number of cache lines is: 1
Demand Accesses  900000
Demand Misses 27940
Running with input: espresso.din, l1-usize=1024,  l1-ubsize=32,  l1-assoc=1,  l1-repl=f,  l1-uwalloc=a 
Number of cache lines is: 32
Demand Accesses  900000
Demand Misses 61634
Running with input: espresso.din, l1-usize=1024,  l1-ubsize=32,  l1-assoc=4,  l1-repl=f,  l1-uwalloc=a 
Number of cache lines is: 8
Demand Accesses  900000
Demand Misses 29304
Running with input: espresso.din, l1-usize=1024,  l1-ubsize=32,  l1-assoc=32,  l1-repl=f,  l1-uwalloc=a 
Number of cache lines is: 1
Demand Accesses  900000
Demand Misses 22264
Running with input: espresso.din, l1-usize=1024,  l1-ubsize=32,  l1-assoc=1,  l1-repl=l,  l1-uwalloc=n 
Number of cache lines is: 32
Demand Accesses  900000
Demand Misses 66405
Running with input: espresso.din, l1-usize=1024,  l1-ubsize=32,  l1-assoc=4,  l1-repl=l,  l1-uwalloc=n 
Number of cache lines is: 8
Demand Accesses  900000
Demand Misses 34265
Running with input: espresso.din, l1-usize=1024,  l1-ubsize=32,  l1-assoc=32,  l1-repl=l,  l1-uwalloc=n 
Number of cache lines is: 1
Demand Accesses  900000
Demand Misses 26428
Running with input: espresso.din, l1-usize=1024,  l1-ubsize=32,  l1-assoc=1,  l1-repl=l,  l1-uwalloc=a 
Number of cache lines is: 32
Demand Accesses  900000
Demand Misses 61634
Running with input: espresso.din, l1-usize=1024,  l1-ubsize=32,  l1-assoc=4,  l1-repl=l,  l1-uwalloc=a 
Number of cache lines is: 8
Demand Accesses  900000
Demand Misses 29669
Running with input: espresso.din, l1-usize=1024,  l1-ubsize=32,  l1-assoc=32,  l1-repl=l,  l1-uwalloc=a 
Number of cache lines is: 1
Demand Accesses  900000
Demand Misses 20843
