Running with input: tex.din, l1-usize=1024,  l1-ubsize=32,  l1-assoc=1,  l1-repl=f,  l1-uwalloc=n 
Number of cache lines is: 32
Demand Accesses  832477
Demand Misses 165720
Running with input: tex.din, l1-usize=1024,  l1-ubsize=32,  l1-assoc=4,  l1-repl=f,  l1-uwalloc=n 
Number of cache lines is: 8
Demand Accesses  832477
Demand Misses 74669
Running with input: tex.din, l1-usize=1024,  l1-ubsize=32,  l1-assoc=32,  l1-repl=f,  l1-uwalloc=n 
Number of cache lines is: 1
Demand Accesses  832477
Demand Misses 32170
Running with input: tex.din, l1-usize=1024,  l1-ubsize=32,  l1-assoc=1,  l1-repl=f,  l1-uwalloc=a 
Number of cache lines is: 32
Demand Accesses  832477
Demand Misses 101962
Running with input: tex.din, l1-usize=1024,  l1-ubsize=32,  l1-assoc=4,  l1-repl=f,  l1-uwalloc=a 
Number of cache lines is: 8
Demand Accesses  832477
Demand Misses 52405
Running with input: tex.din, l1-usize=1024,  l1-ubsize=32,  l1-assoc=32,  l1-repl=f,  l1-uwalloc=a 
Number of cache lines is: 1
Demand Accesses  832477
Demand Misses 4502
Running with input: tex.din, l1-usize=1024,  l1-ubsize=32,  l1-assoc=1,  l1-repl=l,  l1-uwalloc=n 
Number of cache lines is: 32
Demand Accesses  832477
Demand Misses 165720
Running with input: tex.din, l1-usize=1024,  l1-ubsize=32,  l1-assoc=4,  l1-repl=l,  l1-uwalloc=n 
Number of cache lines is: 8
Demand Accesses  832477
Demand Misses 65742
Running with input: tex.din, l1-usize=1024,  l1-ubsize=32,  l1-assoc=32,  l1-repl=l,  l1-uwalloc=n 
Number of cache lines is: 1
Demand Accesses  832477
Demand Misses 30914
Running with input: tex.din, l1-usize=1024,  l1-ubsize=32,  l1-assoc=1,  l1-repl=l,  l1-uwalloc=a 
Number of cache lines is: 32
Demand Accesses  832477
Demand Misses 101962
Running with input: tex.din, l1-usize=1024,  l1-ubsize=32,  l1-assoc=4,  l1-repl=l,  l1-uwalloc=a 
Number of cache lines is: 8
Demand Accesses  832477
Demand Misses 42825
Running with input: tex.din, l1-usize=1024,  l1-ubsize=32,  l1-assoc=32,  l1-repl=l,  l1-uwalloc=a 
Number of cache lines is: 1
Demand Accesses  832477
Demand Misses 1983
